<?xml version="1.0" encoding="UTF-8"?>
<testsuite xmlns:xsi="http://www.w3.org/2001/XMLSchema-instance" xsi:noNamespaceSchemaLocation="https://maven.apache.org/surefire/maven-surefire-plugin/xsd/surefire-test-report-3.0.xsd" version="3.0" name="ToDo.List.BasicToDoListPropertiesTest" time="0.598" tests="26" errors="0" skipped="0" failures="0">
  <properties>
[...]
</properties>
  <testcase name="listShouldBeEmptyAfterCreation" classname="ToDo.List.BasicToDoListPropertiesTest" time="0.1"/>
  <testcase name="testRemoveItemByString" classname="ToDo.List.BasicToDoListPropertiesTest" time="0.531"/>
  <testcase name="testAddingItemToList" classname="ToDo.List.BasicToDoListPropertiesTest" time="0.532">
    <system-out><![CDATA[
]]></system-out>
  </testcase>
  <testcase name="testFilterItemsByStatus" classname="ToDo.List.BasicToDoListPropertiesTest" time="0.533"/>
  <testcase name="testCombiningListsIntoOne" classname="ToDo.List.BasicToDoListPropertiesTest" time="0.43"/>
  <testcase name="testItemsSortedByTitle" classname="ToDo.List.BasicToDoListPropertiesTest" time="0.534"/>
  <testcase name="testSeveralItemsToggling" classname="ToDo.List.BasicToDoListPropertiesTest" time="0.535"/>
  <testcase name="testCombiningListsIntoOneWithNewTitle" classname="ToDo.List.BasicToDoListPropertiesTest" time="0.536"/>
  <testcase name="testSeveralItemsCompletion" classname="ToDo.List.BasicToDoListPropertiesTest" time="0.002"/>
  <testcase name="testListHasSize0AfterCreationAndIncreasesAfterAddingItems" classname="ToDo.List.BasicToDoListPropertiesTest" time="0.001"/>
  <testcase name="listHasTitleAndSize" classname="ToDo.List.BasicToDoListPropertiesTest" time="0.004"/>
  <testcase name="testNoDuplicateTitles" classname="ToDo.List.BasicToDoListPropertiesTest" time="0.003"/>
  <testcase name="testListWithEmptyTitle" classname="ToDo.List.BasicToDoListPropertiesTest" time="0.002"/>
  <testcase name="shouldCompleteATaskRepresentedByItem" classname="ToDo.Item.BasicTodoItemPropertiesTest" time="0.537"/>
  <testcase name="testPredicate" classname="ToDo.Item.BasicTodoItemPropertiesTest" time="0.538"/>
  <testcase name="shouldCreateTodoItemWithTitleAndDescription" classname="ToDo.Item.BasicTodoItemPropertiesTest" time="0.538"/>
  <testcase name="shouldNotToggleStatusFromCompleteToInProgress" classname="ToDo.Item.BasicTodoItemPropertiesTest" time="0.003"/>
  <testcase name="shouldToggleStatusFromCompleteToInProgress" classname="ToDo.Item.BasicTodoItemPropertiesTest" time="0.538"/>
  <testcase name="shouldNotSetANewDescriptionLongerThan250Chars" classname="ToDo.Item.BasicTodoItemPropertiesTest" time="0.538"/>
  <testcase name="shouldThrowAnExceptionWhileCreatingItemWithEmptyTitle" classname="ToDo.Item.BasicTodoItemPropertiesTest" time="0.018"/>
  <testcase name="shouldToggleStatusFromInProgressToPending" classname="ToDo.Item.BasicTodoItemPropertiesTest" time="0.004"/>
  <testcase name="shouldToggleStatusFromPendingToInProgress" classname="ToDo.Item.BasicTodoItemPropertiesTest" time="0"/>
  <testcase name="shouldThrowAnExceptionWhileSettingAnEmptyTitle" classname="ToDo.Item.BasicTodoItemPropertiesTest" time="0.003"/>
  <testcase name="shouldNotCreateATodoItemWithDescriptionLongerThan250Chars" classname="ToDo.Item.BasicTodoItemPropertiesTest" time="0.002"/>
  <testcase name="shouldNotCreateATodoItemWithNullDescription" classname="ToDo.Item.BasicTodoItemPropertiesTest" time="0.002"/>
  <testcase name="shouldNotSetAnNullNewDescription" classname="ToDo.Item.BasicTodoItemPropertiesTest" time="0.003"/>
</testsuite>