<?xml version="1.0" encoding="UTF-8"?>
<testsuite xmlns:xsi="http://www.w3.org/2001/XMLSchema-instance" xsi:noNamespaceSchemaLocation="https://maven.apache.org/surefire/maven-surefire-plugin/xsd/surefire-test-report-3.0.xsd" version="3.0" name="ToDo.Item.BasicTodoItemPropertiesTest" time="0.721" tests="9" errors="0" skipped="0" failures="0">
  <properties>
[...]
</properties>
  <testcase name="shouldCreateAValidToDoItemsCsvFileSource(String, String)[1]" classname="ToDo.Item.BasicTodoItemPropertiesTest" time="0.081"/>
  <testcase name="shouldCreateAValidToDoItemsArgumentsClass(String, String)[2]" classname="ToDo.Item.BasicTodoItemPropertiesTest" time="0.081"/>
  <testcase name="shouldCreateAValidToDoItemsStaticClass(String, String)[2]" classname="ToDo.Item.BasicTodoItemPropertiesTest" time="0.028"/>
  <testcase name="shouldCreateAValidToDoItemsCsvFileSource(String, String)[2]" classname="ToDo.Item.BasicTodoItemPropertiesTest" time="0.029"/>
  <testcase name="shouldCreateAValidToDoItemsStaticClass(String, String)[1]" classname="ToDo.Item.BasicTodoItemPropertiesTest" time="0.027"/>
  <testcase name="shouldCreateAValidToDoItemsArgumentsClass(String, String)[3]" classname="ToDo.Item.BasicTodoItemPropertiesTest" time="0.029"/>
  <testcase name="shouldCreateAValidToDoItemsCsvFileSource(String, String)[3]" classname="ToDo.Item.BasicTodoItemPropertiesTest" time="0.028"/>
  <testcase name="shouldCreateAValidToDoItemsArgumentsClass(String, String)[1]" classname="ToDo.Item.BasicTodoItemPropertiesTest" time="0.032"/>
  <testcase name="shouldCreateAValidToDoItemsStaticClass(String, String)[3]" classname="ToDo.Item.BasicTodoItemPropertiesTest" time="0.001"/>
</testsuite>